#-----------------------------------------------------------
# Vivado v2025.2 (64-bit)
# SW Build 6299465 on Fri Nov 14 19:35:11 GMT 2025
# IP Build 6300035 on Fri Nov 14 10:48:45 MST 2025
# SharedData Build 6298862 on Thu Nov 13 04:50:51 MST 2025
# Start of session at: Sun May  3 14:28:07 2026
# Process ID         : 30568
# Current directory  : C:/Users/brano/Documents/de1-projekt/DE1_projekt
# Command line       : vivado.exe -gui_launcher_event rodinguilauncherevent22368 C:\Users\brano\Documents\de1-projekt\DE1_projekt\DE1_projekt.xpr
# Log file           : C:/Users/brano/Documents/de1-projekt/DE1_projekt/vivado.log
# Journal file       : C:/Users/brano/Documents/de1-projekt/DE1_projekt\vivado.jou
# Running On         : Brano
# Platform           : Windows Server 2016 or Windows 10
# Operating System   : 26200
# Processor Detail   : 13th Gen Intel(R) Core(TM) i5-13420H
# CPU Frequency      : 2611 MHz
# CPU Physical cores : 8
# CPU Logical cores  : 12
# Host memory        : 16869 MB
# Swap memory        : 4500 MB
# Total Virtual      : 21369 MB
# Available Virtual  : 4327 MB
#-----------------------------------------------------------
start_gui
open_project C:/Users/brano/Documents/de1-projekt/DE1_projekt/DE1_projekt.xpr
WARNING: [Board 49-26] cannot add Board Part xilinx.com:emb-plus-vpr-4616:part0:1.0 available at C:/AMDDesignTools/2025.2/data/xhub/boards\XilinxBoardStore\boards\Xilinx\emb-plus-vpr-4616\1.0\board.xml as part xcve2302-sfva784-2mp-e-s specified in board_part file is either invalid or not available
WARNING: [Board 49-26] cannot add Board Part xilinx.com:emb-plus-vpr-4616:part0:1.1 available at C:/AMDDesignTools/2025.2/data/xhub/boards\XilinxBoardStore\boards\Xilinx\emb-plus-vpr-4616\1.1\board.xml as part xcve2302-sfva784-2mp-e-s specified in board_part file is either invalid or not available
WARNING: [Board 49-26] cannot add Board Part xilinx.com:k24c:part0:1.0 available at C:/AMDDesignTools/2025.2/data/xhub/boards\XilinxBoardStore\boards\Xilinx\k24c\1.0\board.xml as part xck24-ubva530-2lv-c specified in board_part file is either invalid or not available
WARNING: [Board 49-26] cannot add Board Part xilinx.com:k24c:part0:1.1 available at C:/AMDDesignTools/2025.2/data/xhub/boards\XilinxBoardStore\boards\Xilinx\k24c\1.1\board.xml as part xck24-ubva530-2lv-c specified in board_part file is either invalid or not available
WARNING: [Board 49-26] cannot add Board Part xilinx.com:k24i:part0:1.0 available at C:/AMDDesignTools/2025.2/data/xhub/boards\XilinxBoardStore\boards\Xilinx\k24i\1.0\board.xml as part xck24-ubva530-2lvi-i specified in board_part file is either invalid or not available
WARNING: [Board 49-26] cannot add Board Part xilinx.com:k26c:part0:1.2 available at C:/AMDDesignTools/2025.2/data/xhub/boards\XilinxBoardStore\boards\Xilinx\k26c\1.2\board.xml as part xck26-sfvc784-2lv-c specified in board_part file is either invalid or not available
WARNING: [Board 49-26] cannot add Board Part xilinx.com:k26c:part0:1.3 available at C:/AMDDesignTools/2025.2/data/xhub/boards\XilinxBoardStore\boards\Xilinx\k26c\1.3\board.xml as part xck26-sfvc784-2lv-c specified in board_part file is either invalid or not available
WARNING: [Board 49-26] cannot add Board Part xilinx.com:k26c:part0:1.4 available at C:/AMDDesignTools/2025.2/data/xhub/boards\XilinxBoardStore\boards\Xilinx\k26c\1.4\board.xml as part xck26-sfvc784-2lv-c specified in board_part file is either invalid or not available
WARNING: [Board 49-26] cannot add Board Part xilinx.com:k26i:part0:1.2 available at C:/AMDDesignTools/2025.2/data/xhub/boards\XilinxBoardStore\boards\Xilinx\k26i\1.2\board.xml as part xck26-sfvc784-2lvi-i specified in board_part file is either invalid or not available
WARNING: [Board 49-26] cannot add Board Part xilinx.com:k26i:part0:1.3 available at C:/AMDDesignTools/2025.2/data/xhub/boards\XilinxBoardStore\boards\Xilinx\k26i\1.3\board.xml as part xck26-sfvc784-2lvi-i specified in board_part file is either invalid or not available
WARNING: [Board 49-26] cannot add Board Part xilinx.com:k26i:part0:1.4 available at C:/AMDDesignTools/2025.2/data/xhub/boards\XilinxBoardStore\boards\Xilinx\k26i\1.4\board.xml as part xck26-sfvc784-2lvi-i specified in board_part file is either invalid or not available
WARNING: [Board 49-26] cannot add Board Part xilinx.com:kc705:part0:1.6 available at C:/AMDDesignTools/2025.2/data/xhub/boards\XilinxBoardStore\boards\Xilinx\kc705\1.6\board.xml as part xc7k325tffg900-2 specified in board_part file is either invalid or not available
WARNING: [Board 49-26] cannot add Board Part xilinx.com:kc705:part0:1.7 available at C:/AMDDesignTools/2025.2/data/xhub/boards\XilinxBoardStore\boards\Xilinx\kc705\1.7\board.xml as part xc7k325tffg900-2 specified in board_part file is either invalid or not available
WARNING: [Board 49-26] cannot add Board Part xilinx.com:kcu105:part0:1.6 available at C:/AMDDesignTools/2025.2/data/xhub/boards\XilinxBoardStore\boards\Xilinx\kcu105\1.6\board.xml as part xcku040-ffva1156-2-e specified in board_part file is either invalid or not available
WARNING: [Board 49-26] cannot add Board Part xilinx.com:kcu105:part0:1.7 available at C:/AMDDesignTools/2025.2/data/xhub/boards\XilinxBoardStore\boards\Xilinx\kcu105\1.7\board.xml as part xcku040-ffva1156-2-e specified in board_part file is either invalid or not available
WARNING: [Board 49-26] cannot add Board Part xilinx.com:kcu116:part0:1.4 available at C:/AMDDesignTools/2025.2/data/xhub/boards\XilinxBoardStore\boards\Xilinx\kcu116\1.4\board.xml as part xcku5p-ffvb676-2-e specified in board_part file is either invalid or not available
WARNING: [Board 49-26] cannot add Board Part xilinx.com:kcu116:part0:1.5 available at C:/AMDDesignTools/2025.2/data/xhub/boards\XilinxBoardStore\boards\Xilinx\kcu116\1.5\board.xml as part xcku5p-ffvb676-2-e specified in board_part file is either invalid or not available
WARNING: [Board 49-26] cannot add Board Part xilinx.com:kcu1500:part0:1.2 available at C:/AMDDesignTools/2025.2/data/xhub/boards\XilinxBoardStore\boards\Xilinx\kcu1500\1.2\board.xml as part xcku115-flvb2104-2-e specified in board_part file is either invalid or not available
WARNING: [Board 49-26] cannot add Board Part xilinx.com:kd240_som:part0:1.0 available at C:/AMDDesignTools/2025.2/data/xhub/boards\XilinxBoardStore\boards\Xilinx\kd240_som\1.0\board.xml as part xck24-ubva530-2lv-c specified in board_part file is either invalid or not available
WARNING: [Board 49-26] cannot add Board Part xilinx.com:kd240_som:part0:1.1 available at C:/AMDDesignTools/2025.2/data/xhub/boards\XilinxBoardStore\boards\Xilinx\kd240_som\1.1\board.xml as part xck24-ubva530-2lv-c specified in board_part file is either invalid or not available
WARNING: [Board 49-26] cannot add Board Part xilinx.com:kr260_som:part0:1.0 available at C:/AMDDesignTools/2025.2/data/xhub/boards\XilinxBoardStore\boards\Xilinx\kr260_som\1.0\board.xml as part xck26-sfvc784-2lv-c specified in board_part file is either invalid or not available
WARNING: [Board 49-26] cannot add Board Part xilinx.com:kr260_som:part0:1.1 available at C:/AMDDesignTools/2025.2/data/xhub/boards\XilinxBoardStore\boards\Xilinx\kr260_som\1.1\board.xml as part xck26-sfvc784-2lv-c specified in board_part file is either invalid or not available
WARNING: [Board 49-26] cannot add Board Part xilinx.com:kv260_som:part0:1.2 available at C:/AMDDesignTools/2025.2/data/xhub/boards\XilinxBoardStore\boards\Xilinx\kv260_som\1.2\board.xml as part xck26-sfvc784-2lv-c specified in board_part file is either invalid or not available
WARNING: [Board 49-26] cannot add Board Part xilinx.com:kv260_som:part0:1.3 available at C:/AMDDesignTools/2025.2/data/xhub/boards\XilinxBoardStore\boards\Xilinx\kv260_som\1.3\board.xml as part xck26-sfvc784-2lv-c specified in board_part file is either invalid or not available
WARNING: [Board 49-26] cannot add Board Part xilinx.com:kv260_som:part0:1.4 available at C:/AMDDesignTools/2025.2/data/xhub/boards\XilinxBoardStore\boards\Xilinx\kv260_som\1.4\board.xml as part xck26-sfvc784-2lv-c specified in board_part file is either invalid or not available
WARNING: [Board 49-26] cannot add Board Part xilinx.com:scu35:part0:1.0 available at C:/AMDDesignTools/2025.2/data/xhub/boards\XilinxBoardStore\boards\Xilinx\scu35\1.0\board.xml as part xcsu35p-sbvb625-2-e specified in board_part file is either invalid or not available
WARNING: [Board 49-26] cannot add Board Part xilinx.com:v80:part0:1.0 available at C:/AMDDesignTools/2025.2/data/xhub/boards\XilinxBoardStore\boards\Xilinx\v80\1.0\board.xml as part xcv80-lsva4737-2mhp-e-s specified in board_part file is either invalid or not available
WARNING: [Board 49-26] cannot add Board Part xilinx.com:vc707:part0:1.4 available at C:/AMDDesignTools/2025.2/data/xhub/boards\XilinxBoardStore\boards\Xilinx\vc707\1.4\board.xml as part xc7vx485tffg1761-2 specified in board_part file is either invalid or not available
WARNING: [Board 49-26] cannot add Board Part xilinx.com:vc707:part0:1.5 available at C:/AMDDesignTools/2025.2/data/xhub/boards\XilinxBoardStore\boards\Xilinx\vc707\1.5\board.xml as part xc7vx485tffg1761-2 specified in board_part file is either invalid or not available
WARNING: [Board 49-26] cannot add Board Part xilinx.com:vc709:part0:1.8 available at C:/AMDDesignTools/2025.2/data/xhub/boards\XilinxBoardStore\boards\Xilinx\vc709\1.8\board.xml as part xc7vx690tffg1761-2 specified in board_part file is either invalid or not available
WARNING: [Board 49-26] cannot add Board Part xilinx.com:vck190:part0:2.2 available at C:/AMDDesignTools/2025.2/data/xhub/boards\XilinxBoardStore\boards\Xilinx\vck190\production\2.2\board.xml as part xcvc1902-vsva2197-2mp-e-s specified in board_part file is either invalid or not available
WARNING: [Board 49-26] cannot add Board Part xilinx.com:vck190:part0:3.0 available at C:/AMDDesignTools/2025.2/data/xhub/boards\XilinxBoardStore\boards\Xilinx\vck190\production\3.0\board.xml as part xcvc1902-vsva2197-2mp-e-s specified in board_part file is either invalid or not available
WARNING: [Board 49-26] cannot add Board Part xilinx.com:vck190:part0:3.1 available at C:/AMDDesignTools/2025.2/data/xhub/boards\XilinxBoardStore\boards\Xilinx\vck190\production\3.1\board.xml as part xcvc1902-vsva2197-2mp-e-s specified in board_part file is either invalid or not available
WARNING: [Board 49-26] cannot add Board Part xilinx.com:vck190:part0:3.2 available at C:/AMDDesignTools/2025.2/data/xhub/boards\XilinxBoardStore\boards\Xilinx\vck190\production\3.2\board.xml as part xcvc1902-vsva2197-2mp-e-s specified in board_part file is either invalid or not available
WARNING: [Board 49-26] cannot add Board Part xilinx.com:vck190:part0:3.3 available at C:/AMDDesignTools/2025.2/data/xhub/boards\XilinxBoardStore\boards\Xilinx\vck190\production\3.3\board.xml as part xcvc1902-vsva2197-2mp-e-s specified in board_part file is either invalid or not available
WARNING: [Board 49-26] cannot add Board Part xilinx.com:vck190:part0:3.4 available at C:/AMDDesignTools/2025.2/data/xhub/boards\XilinxBoardStore\boards\Xilinx\vck190\production\3.4\board.xml as part xcvc1902-vsva2197-2mp-e-s specified in board_part file is either invalid or not available
WARNING: [Board 49-26] cannot add Board Part xilinx.com:vck190_newl:part0:1.0 available at C:/AMDDesignTools/2025.2/data/xhub/boards\XilinxBoardStore\boards\Xilinx\vck190_newl\production\1.0\board.xml as part xcvc1902-vsva2197-2mp-e-s specified in board_part file is either invalid or not available
WARNING: [Board 49-26] cannot add Board Part xilinx.com:vck190_newl:part0:1.1 available at C:/AMDDesignTools/2025.2/data/xhub/boards\XilinxBoardStore\boards\Xilinx\vck190_newl\production\1.1\board.xml as part xcvc1902-vsva2197-2mp-e-s specified in board_part file is either invalid or not available
WARNING: [Board 49-26] cannot add Board Part xilinx.com:vck190_newl:part0:1.2 available at C:/AMDDesignTools/2025.2/data/xhub/boards\XilinxBoardStore\boards\Xilinx\vck190_newl\production\1.2\board.xml as part xcvc1902-vsva2197-2mp-e-s specified in board_part file is either invalid or not available
WARNING: [Board 49-26] cannot add Board Part xilinx.com:vck190_newl:part0:1.3 available at C:/AMDDesignTools/2025.2/data/xhub/boards\XilinxBoardStore\boards\Xilinx\vck190_newl\production\1.3\board.xml as part xcvc1902-vsva2197-2mp-e-s specified in board_part file is either invalid or not available
WARNING: [Board 49-26] cannot add Board Part xilinx.com:vcu108:part0:1.6 available at C:/AMDDesignTools/2025.2/data/xhub/boards\XilinxBoardStore\boards\Xilinx\vcu108\1.6\board.xml as part xcvu095-ffva2104-2-e specified in board_part file is either invalid or not available
WARNING: [Board 49-26] cannot add Board Part xilinx.com:vcu108:part0:1.7 available at C:/AMDDesignTools/2025.2/data/xhub/boards\XilinxBoardStore\boards\Xilinx\vcu108\1.7\board.xml as part xcvu095-ffva2104-2-e specified in board_part file is either invalid or not available
WARNING: [Board 49-26] cannot add Board Part xilinx.com:vcu110:part0:1.4 available at C:/AMDDesignTools/2025.2/data/xhub/boards\XilinxBoardStore\boards\Xilinx\vcu110\1.4\board.xml as part xcvu190-flgc2104-2-e specified in board_part file is either invalid or not available
WARNING: [Board 49-26] cannot add Board Part xilinx.com:vcu118:part0:2.0 available at C:/AMDDesignTools/2025.2/data/xhub/boards\XilinxBoardStore\boards\Xilinx\vcu118\2.0\board.xml as part xcvu9p-flga2104-2l-e specified in board_part file is either invalid or not available
WARNING: [Board 49-26] cannot add Board Part xilinx.com:vcu118:part0:2.3 available at C:/AMDDesignTools/2025.2/data/xhub/boards\XilinxBoardStore\boards\Xilinx\vcu118\2.3\board.xml as part xcvu9p-flga2104-2l-e specified in board_part file is either invalid or not available
WARNING: [Board 49-26] cannot add Board Part xilinx.com:vcu118:part0:2.4 available at C:/AMDDesignTools/2025.2/data/xhub/boards\XilinxBoardStore\boards\Xilinx\vcu118\2.4\board.xml as part xcvu9p-flga2104-2l-e specified in board_part file is either invalid or not available
WARNING: [Board 49-26] cannot add Board Part xilinx.com:vcu128:part0:1.0 available at C:/AMDDesignTools/2025.2/data/xhub/boards\XilinxBoardStore\boards\Xilinx\vcu128\production\1.0\board.xml as part xcvu37p-fsvh2892-2l-e specified in board_part file is either invalid or not available
WARNING: [Board 49-26] cannot add Board Part xilinx.com:vcu129:part0:1.0 available at C:/AMDDesignTools/2025.2/data/xhub/boards\XilinxBoardStore\boards\Xilinx\vcu129\production\1.0\board.xml as part xcvu29p-fsga2577-2l-e specified in board_part file is either invalid or not available
WARNING: [Board 49-26] cannot add Board Part xilinx.com:vcu1525:part0:1.3 available at C:/AMDDesignTools/2025.2/data/xhub/boards\XilinxBoardStore\boards\Xilinx\vcu1525\1.3\board.xml as part xcvu9p-fsgd2104-2l-e specified in board_part file is either invalid or not available
WARNING: [Board 49-26] cannot add Board Part xilinx.com:vek280:part0:1.0 available at C:/AMDDesignTools/2025.2/data/xhub/boards\XilinxBoardStore\boards\Xilinx\vek280\production\1.0\board.xml as part xcve2802-vsvh1760-2mp-e-s specified in board_part file is either invalid or not available
WARNING: [Board 49-26] cannot add Board Part xilinx.com:vek280:part0:1.1 available at C:/AMDDesignTools/2025.2/data/xhub/boards\XilinxBoardStore\boards\Xilinx\vek280\production\1.1\board.xml as part xcve2802-vsvh1760-2mp-e-s specified in board_part file is either invalid or not available
WARNING: [Board 49-26] cannot add Board Part xilinx.com:vek280:part0:1.2 available at C:/AMDDesignTools/2025.2/data/xhub/boards\XilinxBoardStore\boards\Xilinx\vek280\production\1.2\board.xml as part xcve2802-vsvh1760-2mp-e-s specified in board_part file is either invalid or not available
WARNING: [Board 49-26] cannot add Board Part xilinx.com:vek385:part0:1.0 available at C:/AMDDesignTools/2025.2/data/xhub/boards\XilinxBoardStore\boards\Xilinx\vek385\1.0\board.xml as part xc2ve3858-ssva2112-2mp-e-s specified in board_part file is either invalid or not available
WARNING: [Board 49-26] cannot add Board Part xilinx.com:vek385:part0:1.1 available at C:/AMDDesignTools/2025.2/data/xhub/boards\XilinxBoardStore\boards\Xilinx\vek385\1.1\board.xml as part xc2ve3858-ssva2112-2mp-e-s specified in board_part file is either invalid or not available
WARNING: [Board 49-26] cannot add Board Part xilinx.com:vek385_1:part0:1.0 available at C:/AMDDesignTools/2025.2/data/xhub/boards\XilinxBoardStore\boards\Xilinx\vek385_2\1.0\board.xml as part xc2ve3858-ssva2112-2mp-e-s specified in board_part file is either invalid or not available
WARNING: [Board 49-26] cannot add Board Part xilinx.com:vermeo_t1_mpsoc:part0:1.0 available at C:/AMDDesignTools/2025.2/data/xhub/boards\XilinxBoardStore\boards\Xilinx\vermeo_t1_mpsoc\1.0\board.xml as part xczu19eg-ffvd1760-2l-e specified in board_part file is either invalid or not available
WARNING: [Board 49-26] cannot add Board Part xilinx.com:vermeo_t1_rfsoc:part0:1.0 available at C:/AMDDesignTools/2025.2/data/xhub/boards\XilinxBoardStore\boards\Xilinx\vermeo_t1_rfsoc\1.0\board.xml as part xczu21dr-ffvd1156-2l-e specified in board_part file is either invalid or not available
WARNING: [Board 49-26] cannot add Board Part xilinx.com:vhk158:part0:1.0 available at C:/AMDDesignTools/2025.2/data/xhub/boards\XilinxBoardStore\boards\Xilinx\vhk158\production\1.0\board.xml as part xcvh1582-vsva3697-2mp-e-s specified in board_part file is either invalid or not available
WARNING: [Board 49-26] cannot add Board Part xilinx.com:vhk158:part0:1.1 available at C:/AMDDesignTools/2025.2/data/xhub/boards\XilinxBoardStore\boards\Xilinx\vhk158\production\1.1\board.xml as part xcvh1582-vsva3697-2mp-e-s specified in board_part file is either invalid or not available
WARNING: [Board 49-26] cannot add Board Part xilinx.com:vhk158:part0:1.2 available at C:/AMDDesignTools/2025.2/data/xhub/boards\XilinxBoardStore\boards\Xilinx\vhk158\production\1.2\board.xml as part xcvh1582-vsva3697-2mp-e-s specified in board_part file is either invalid or not available
WARNING: [Board 49-26] cannot add Board Part xilinx.com:vmk180:part0:2.2 available at C:/AMDDesignTools/2025.2/data/xhub/boards\XilinxBoardStore\boards\Xilinx\vmk180\production\2.2\board.xml as part xcvm1802-vsva2197-2mp-e-s specified in board_part file is either invalid or not available
WARNING: [Board 49-26] cannot add Board Part xilinx.com:vmk180:part0:3.0 available at C:/AMDDesignTools/2025.2/data/xhub/boards\XilinxBoardStore\boards\Xilinx\vmk180\production\3.0\board.xml as part xcvm1802-vsva2197-2mp-e-s specified in board_part file is either invalid or not available
WARNING: [Board 49-26] cannot add Board Part xilinx.com:vmk180:part0:3.1 available at C:/AMDDesignTools/2025.2/data/xhub/boards\XilinxBoardStore\boards\Xilinx\vmk180\production\3.1\board.xml as part xcvm1802-vsva2197-2mp-e-s specified in board_part file is either invalid or not available
WARNING: [Board 49-26] cannot add Board Part xilinx.com:vmk180:part0:3.2 available at C:/AMDDesignTools/2025.2/data/xhub/boards\XilinxBoardStore\boards\Xilinx\vmk180\production\3.2\board.xml as part xcvm1802-vsva2197-2mp-e-s specified in board_part file is either invalid or not available
WARNING: [Board 49-26] cannot add Board Part xilinx.com:vmk180:part0:3.3 available at C:/AMDDesignTools/2025.2/data/xhub/boards\XilinxBoardStore\boards\Xilinx\vmk180\production\3.3\board.xml as part xcvm1802-vsva2197-2mp-e-s specified in board_part file is either invalid or not available
WARNING: [Board 49-26] cannot add Board Part xilinx.com:vmk180_newl:part0:1.0 available at C:/AMDDesignTools/2025.2/data/xhub/boards\XilinxBoardStore\boards\Xilinx\vmk180_newl\production\1.0\board.xml as part xcvm1802-vsva2197-2mp-e-s specified in board_part file is either invalid or not available
WARNING: [Board 49-26] cannot add Board Part xilinx.com:vmk180_newl:part0:1.1 available at C:/AMDDesignTools/2025.2/data/xhub/boards\XilinxBoardStore\boards\Xilinx\vmk180_newl\production\1.1\board.xml as part xcvm1802-vsva2197-2mp-e-s specified in board_part file is either invalid or not available
WARNING: [Board 49-26] cannot add Board Part xilinx.com:vpk120:part0:1.0 available at C:/AMDDesignTools/2025.2/data/xhub/boards\XilinxBoardStore\boards\Xilinx\vpk120\production\1.0\board.xml as part xcvp1202-vsva2785-2mp-e-s specified in board_part file is either invalid or not available
WARNING: [Board 49-26] cannot add Board Part xilinx.com:vpk120:part0:1.1 available at C:/AMDDesignTools/2025.2/data/xhub/boards\XilinxBoardStore\boards\Xilinx\vpk120\production\1.1\board.xml as part xcvp1202-vsva2785-2mp-e-s specified in board_part file is either invalid or not available
WARNING: [Board 49-26] cannot add Board Part xilinx.com:vpk120:part0:1.2 available at C:/AMDDesignTools/2025.2/data/xhub/boards\XilinxBoardStore\boards\Xilinx\vpk120\production\1.2\board.xml as part xcvp1202-vsva2785-2mp-e-s specified in board_part file is either invalid or not available
WARNING: [Board 49-26] cannot add Board Part xilinx.com:vpk180:part0:1.0 available at C:/AMDDesignTools/2025.2/data/xhub/boards\XilinxBoardStore\boards\Xilinx\vpk180\production\1.0\board.xml as part xcvp1802-lsvc4072-2mp-e-s specified in board_part file is either invalid or not available
WARNING: [Board 49-26] cannot add Board Part xilinx.com:vpk180:part0:1.1 available at C:/AMDDesignTools/2025.2/data/xhub/boards\XilinxBoardStore\boards\Xilinx\vpk180\production\1.1\board.xml as part xcvp1802-lsvc4072-2mp-e-s specified in board_part file is either invalid or not available
WARNING: [Board 49-26] cannot add Board Part xilinx.com:vpk180:part0:1.2 available at C:/AMDDesignTools/2025.2/data/xhub/boards\XilinxBoardStore\boards\Xilinx\vpk180\production\1.2\board.xml as part xcvp1802-lsvc4072-2mp-e-s specified in board_part file is either invalid or not available
WARNING: [Board 49-26] cannot add Board Part xilinx.com:vrk160:part0:1.0 available at C:/AMDDesignTools/2025.2/data/xhub/boards\XilinxBoardStore\boards\Xilinx\vrk160\1.0\board.xml as part xcvr1602-vsva2488-2mp-e-s-es1 specified in board_part file is either invalid or not available
WARNING: [Board 49-26] cannot add Board Part xilinx.com:vrk160:part0:1.1 available at C:/AMDDesignTools/2025.2/data/xhub/boards\XilinxBoardStore\boards\Xilinx\vrk160\1.1\board.xml as part xcvr1602-vsva2488-2mp-e-s-es1 specified in board_part file is either invalid or not available
WARNING: [Board 49-26] cannot add Board Part xilinx.com:zc702:part0:1.4 available at C:/AMDDesignTools/2025.2/data/xhub/boards\XilinxBoardStore\boards\Xilinx\zc702\1.4\board.xml as part xc7z020clg484-1 specified in board_part file is either invalid or not available
WARNING: [Board 49-26] cannot add Board Part xilinx.com:zc706:part0:1.4 available at C:/AMDDesignTools/2025.2/data/xhub/boards\XilinxBoardStore\boards\Xilinx\zc706\1.4\board.xml as part xc7z045ffg900-2 specified in board_part file is either invalid or not available
WARNING: [Board 49-26] cannot add Board Part xilinx.com:zc706:part0:1.5 available at C:/AMDDesignTools/2025.2/data/xhub/boards\XilinxBoardStore\boards\Xilinx\zc706\1.5\board.xml as part xc7z045ffg900-2 specified in board_part file is either invalid or not available
WARNING: [Board 49-26] cannot add Board Part xilinx.com:zcu102:part0:3.3 available at C:/AMDDesignTools/2025.2/data/xhub/boards\XilinxBoardStore\boards\Xilinx\zcu102\3.3\board.xml as part xczu9eg-ffvb1156-2-e specified in board_part file is either invalid or not available
WARNING: [Board 49-26] cannot add Board Part xilinx.com:zcu102:part0:3.4 available at C:/AMDDesignTools/2025.2/data/xhub/boards\XilinxBoardStore\boards\Xilinx\zcu102\3.4\board.xml as part xczu9eg-ffvb1156-2-e specified in board_part file is either invalid or not available
WARNING: [Board 49-26] cannot add Board Part xilinx.com:zcu104:part0:1.1 available at C:/AMDDesignTools/2025.2/data/xhub/boards\XilinxBoardStore\boards\Xilinx\zcu104\1.1\board.xml as part xczu7ev-ffvc1156-2-e specified in board_part file is either invalid or not available
WARNING: [Board 49-26] cannot add Board Part xilinx.com:zcu106:part0:2.4 available at C:/AMDDesignTools/2025.2/data/xhub/boards\XilinxBoardStore\boards\Xilinx\zcu106\2.4\board.xml as part xczu7ev-ffvc1156-2-e specified in board_part file is either invalid or not available
WARNING: [Board 49-26] cannot add Board Part xilinx.com:zcu106:part0:2.5 available at C:/AMDDesignTools/2025.2/data/xhub/boards\XilinxBoardStore\boards\Xilinx\zcu106\2.5\board.xml as part xczu7ev-ffvc1156-2-e specified in board_part file is either invalid or not available
WARNING: [Board 49-26] cannot add Board Part xilinx.com:zcu106:part0:2.6 available at C:/AMDDesignTools/2025.2/data/xhub/boards\XilinxBoardStore\boards\Xilinx\zcu106\2.6\board.xml as part xczu7ev-ffvc1156-2-e specified in board_part file is either invalid or not available
WARNING: [Board 49-26] cannot add Board Part xilinx.com:zcu111:part0:1.2 available at C:/AMDDesignTools/2025.2/data/xhub/boards\XilinxBoardStore\boards\Xilinx\zcu111\1.2\board.xml as part xczu28dr-ffvg1517-2-e specified in board_part file is either invalid or not available
WARNING: [Board 49-26] cannot add Board Part xilinx.com:zcu111:part0:1.3 available at C:/AMDDesignTools/2025.2/data/xhub/boards\XilinxBoardStore\boards\Xilinx\zcu111\1.3\board.xml as part xczu28dr-ffvg1517-2-e specified in board_part file is either invalid or not available
WARNING: [Board 49-26] cannot add Board Part xilinx.com:zcu111:part0:1.4 available at C:/AMDDesignTools/2025.2/data/xhub/boards\XilinxBoardStore\boards\Xilinx\zcu111\1.4\board.xml as part xczu28dr-ffvg1517-2-e specified in board_part file is either invalid or not available
WARNING: [Board 49-26] cannot add Board Part xilinx.com:zcu1275:part0:1.0 available at C:/AMDDesignTools/2025.2/data/xhub/boards\XilinxBoardStore\boards\Xilinx\zcu1275\1.0\board.xml as part xczu29dr-ffvf1760-2-e specified in board_part file is either invalid or not available
WARNING: [Board 49-26] cannot add Board Part xilinx.com:zcu1285:part0:1.0 available at C:/AMDDesignTools/2025.2/data/xhub/boards\XilinxBoardStore\boards\Xilinx\zcu1285\1.0\board.xml as part xczu39dr-ffvf1760-2-i specified in board_part file is either invalid or not available
WARNING: [Board 49-26] cannot add Board Part xilinx.com:zcu208:part0:2.0 available at C:/AMDDesignTools/2025.2/data/xhub/boards\XilinxBoardStore\boards\Xilinx\zcu208\production\2.0\board.xml as part xczu48dr-fsvg1517-2-e specified in board_part file is either invalid or not available
WARNING: [Board 49-26] cannot add Board Part xilinx.com:zcu208ld:part0:2.0 available at C:/AMDDesignTools/2025.2/data/xhub/boards\XilinxBoardStore\boards\Xilinx\zcu208ld\production\2.0\board.xml as part xczu58dr-fsvg1517-2-i specified in board_part file is either invalid or not available
WARNING: [Board 49-26] cannot add Board Part xilinx.com:zcu216:part0:2.0 available at C:/AMDDesignTools/2025.2/data/xhub/boards\XilinxBoardStore\boards\Xilinx\zcu216\production\2.0\board.xml as part xczu49dr-ffvf1760-2-e specified in board_part file is either invalid or not available
WARNING: [Board 49-26] cannot add Board Part xilinx.com:zcu216ld:part0:2.0 available at C:/AMDDesignTools/2025.2/data/xhub/boards\XilinxBoardStore\boards\Xilinx\zcu216ld\production\2.0\board.xml as part xczu59dr-ffvf1760-2-i specified in board_part file is either invalid or not available
WARNING: [Board 49-26] cannot add Board Part xilinx.com:zcu670:part0:2.0 available at C:/AMDDesignTools/2025.2/data/xhub/boards\XilinxBoardStore\boards\Xilinx\zcu670\2.0\board.xml as part xczu67dr-fsve1156-2-i specified in board_part file is either invalid or not available
WARNING: [Board 49-26] cannot add Board Part xilinx.com:zcu670ld:part0:1.0 available at C:/AMDDesignTools/2025.2/data/xhub/boards\XilinxBoardStore\boards\Xilinx\zcu670ld\1.0\board.xml as part xczu57dr-fsve1156-2-i specified in board_part file is either invalid or not available
INFO: [filemgmt 56-3] Default IP Output Path : Could not find the directory 'C:/Users/brano/Documents/de1-projekt/DE1_projekt/DE1_projekt.gen/sources_1'.
Scanning sources...
Finished scanning sources
WARNING: [Board 49-26] cannot add Board Part xilinx.com:emb-plus-vpr-4616:part0:1.0 available at C:/AMDDesignTools/2025.2/data/xhub/boards\XilinxBoardStore\boards\Xilinx\emb-plus-vpr-4616\1.0\board.xml as part xcve2302-sfva784-2mp-e-s specified in board_part file is either invalid or not available
WARNING: [Board 49-26] cannot add Board Part xilinx.com:emb-plus-vpr-4616:part0:1.1 available at C:/AMDDesignTools/2025.2/data/xhub/boards\XilinxBoardStore\boards\Xilinx\emb-plus-vpr-4616\1.1\board.xml as part xcve2302-sfva784-2mp-e-s specified in board_part file is either invalid or not available
WARNING: [Board 49-26] cannot add Board Part xilinx.com:k24c:part0:1.0 available at C:/AMDDesignTools/2025.2/data/xhub/boards\XilinxBoardStore\boards\Xilinx\k24c\1.0\board.xml as part xck24-ubva530-2lv-c specified in board_part file is either invalid or not available
WARNING: [Board 49-26] cannot add Board Part xilinx.com:k24c:part0:1.1 available at C:/AMDDesignTools/2025.2/data/xhub/boards\XilinxBoardStore\boards\Xilinx\k24c\1.1\board.xml as part xck24-ubva530-2lv-c specified in board_part file is either invalid or not available
WARNING: [Board 49-26] cannot add Board Part xilinx.com:k24i:part0:1.0 available at C:/AMDDesignTools/2025.2/data/xhub/boards\XilinxBoardStore\boards\Xilinx\k24i\1.0\board.xml as part xck24-ubva530-2lvi-i specified in board_part file is either invalid or not available
INFO: [Common 17-14] Message 'Board 49-26' appears 100 times and further instances of the messages will be disabled. Use the Tcl command set_msg_config to change the current settings.
WARNING: [Project 1-5713] Board part '' set for the project  is not found. BoardPart property will be unset. Please select board from latest repo build 
INFO: [IP_Flow 19-234] Refreshing IP repositories
INFO: [IP_Flow 19-1704] No user IP repositories specified
INFO: [IP_Flow 19-2313] Loaded Vivado IP repository 'C:/AMDDesignTools/2025.2/Vivado/data/ip'.
open_project: Time (s): cpu = 00:00:32 ; elapsed = 00:00:13 . Memory (MB): peak = 1656.500 ; gain = 205.582
update_compile_order -fileset sources_1
open_run synth_1 -name synth_1
Design is defaulting to impl run constrset: constrs_1
Design is defaulting to synth run part: xc7a50ticsg324-1L
INFO: [Device 21-403] Loading part xc7a50ticsg324-1L
Netlist sorting complete. Time (s): cpu = 00:00:00 ; elapsed = 00:00:00.004 . Memory (MB): peak = 1860.078 ; gain = 0.000
INFO: [Netlist 29-17] Analyzing 22 Unisim elements for replacement
INFO: [Netlist 29-28] Unisim Transformation completed in 0 CPU seconds
INFO: [Project 1-479] Netlist was created with Vivado 2025.2
INFO: [Project 1-570] Preparing netlist for logic optimization
Parsing XDC File [C:/Users/brano/Documents/de1-projekt/DE1_projekt/DE1_projekt.srcs/constrs_1/imports/Downloads/nexys.xdc]
Finished Parsing XDC File [C:/Users/brano/Documents/de1-projekt/DE1_projekt/DE1_projekt.srcs/constrs_1/imports/Downloads/nexys.xdc]
INFO: [Opt 31-138] Pushed 0 inverter(s) to 0 load pin(s).
Netlist sorting complete. Time (s): cpu = 00:00:00 ; elapsed = 00:00:00 . Memory (MB): peak = 1971.668 ; gain = 0.000
INFO: [Project 1-111] Unisim Transformation Summary:
No Unisim elements were transformed.

open_run: Time (s): cpu = 00:00:24 ; elapsed = 00:00:15 . Memory (MB): peak = 2366.211 ; gain = 697.250
close_design
synth_design -rtl -rtl_skip_mlo -name rtl_1
Command: synth_design -rtl -rtl_skip_mlo -name rtl_1
Starting synth_design
Using part: xc7a50ticsg324-1L
Top: top_safe
INFO: [Synth 8-7079] Multithreading enabled for synth_design using a maximum of 2 processes.
INFO: [Synth 8-7078] Launching helper process for spawning children vivado processes
INFO: [Synth 8-7075] Helper process launched with PID 11608
---------------------------------------------------------------------------------
Starting RTL Elaboration : Time (s): cpu = 00:00:11 ; elapsed = 00:00:09 . Memory (MB): peak = 2819.699 ; gain = 0.000
---------------------------------------------------------------------------------
INFO: [Synth 8-638] synthesizing module 'top_safe' [C:/Users/brano/Documents/de1-projekt/DE1_projekt/DE1_projekt.srcs/sources_1/imports/sources_1/new/top_safe.vhd:19]
INFO: [Synth 8-3491] module 'debounce' declared at 'C:/Users/brano/Documents/de1-projekt/DE1_projekt/DE1_projekt.srcs/sources_1/imports/sources_1/imports/sources/debounce.vhd:24' bound to instance 'u_db_store' of component 'debounce' [C:/Users/brano/Documents/de1-projekt/DE1_projekt/DE1_projekt.srcs/sources_1/imports/sources_1/new/top_safe.vhd:105]
INFO: [Synth 8-638] synthesizing module 'debounce' [C:/Users/brano/Documents/de1-projekt/DE1_projekt/DE1_projekt.srcs/sources_1/imports/sources_1/imports/sources/debounce.vhd:35]
	Parameter G_MAX bound to: 200000 - type: integer 
INFO: [Synth 8-3491] module 'clk_en' declared at 'C:/Users/brano/Documents/de1-projekt/DE1_projekt/DE1_projekt.srcs/sources_1/imports/sources_1/imports/Downloads/clk_en.vhd:21' bound to instance 'clock_0' of component 'clk_en' [C:/Users/brano/Documents/de1-projekt/DE1_projekt/DE1_projekt.srcs/sources_1/imports/sources_1/imports/sources/debounce.vhd:72]
INFO: [Synth 8-638] synthesizing module 'clk_en' [C:/Users/brano/Documents/de1-projekt/DE1_projekt/DE1_projekt.srcs/sources_1/imports/sources_1/imports/Downloads/clk_en.vhd:32]
	Parameter G_MAX bound to: 200000 - type: integer 
INFO: [Synth 8-256] done synthesizing module 'clk_en' (0#1) [C:/Users/brano/Documents/de1-projekt/DE1_projekt/DE1_projekt.srcs/sources_1/imports/sources_1/imports/Downloads/clk_en.vhd:32]
INFO: [Synth 8-256] done synthesizing module 'debounce' (0#1) [C:/Users/brano/Documents/de1-projekt/DE1_projekt/DE1_projekt.srcs/sources_1/imports/sources_1/imports/sources/debounce.vhd:35]
INFO: [Synth 8-3491] module 'debounce' declared at 'C:/Users/brano/Documents/de1-projekt/DE1_projekt/DE1_projekt.srcs/sources_1/imports/sources_1/imports/sources/debounce.vhd:24' bound to instance 'u_db_compare' of component 'debounce' [C:/Users/brano/Documents/de1-projekt/DE1_projekt/DE1_projekt.srcs/sources_1/imports/sources_1/new/top_safe.vhd:114]
INFO: [Synth 8-3491] module 'safe_fsm' declared at 'C:/Users/brano/Documents/de1-projekt/DE1_projekt/DE1_projekt.srcs/sources_1/imports/sources_1/new/safe_fsm.vhd:5' bound to instance 'u_fsm' of component 'safe_fsm' [C:/Users/brano/Documents/de1-projekt/DE1_projekt/DE1_projekt.srcs/sources_1/imports/sources_1/new/top_safe.vhd:123]
INFO: [Synth 8-638] synthesizing module 'safe_fsm' [C:/Users/brano/Documents/de1-projekt/DE1_projekt/DE1_projekt.srcs/sources_1/imports/sources_1/new/safe_fsm.vhd:17]
INFO: [Synth 8-256] done synthesizing module 'safe_fsm' (0#1) [C:/Users/brano/Documents/de1-projekt/DE1_projekt/DE1_projekt.srcs/sources_1/imports/sources_1/new/safe_fsm.vhd:17]
INFO: [Synth 8-3491] module 'digit_registers' declared at 'C:/Users/brano/Documents/de1-projekt/DE1_projekt/DE1_projekt.srcs/sources_1/imports/sources_1/imports/Downloads/digit_register.vhd:5' bound to instance 'u_regs' of component 'digit_registers' [C:/Users/brano/Documents/de1-projekt/DE1_projekt/DE1_projekt.srcs/sources_1/imports/sources_1/new/top_safe.vhd:134]
INFO: [Synth 8-638] synthesizing module 'digit_registers' [C:/Users/brano/Documents/de1-projekt/DE1_projekt/DE1_projekt.srcs/sources_1/imports/sources_1/imports/Downloads/digit_register.vhd:19]
INFO: [Synth 8-226] default block is never used [C:/Users/brano/Documents/de1-projekt/DE1_projekt/DE1_projekt.srcs/sources_1/imports/sources_1/imports/Downloads/digit_register.vhd:32]
INFO: [Synth 8-256] done synthesizing module 'digit_registers' (0#1) [C:/Users/brano/Documents/de1-projekt/DE1_projekt/DE1_projekt.srcs/sources_1/imports/sources_1/imports/Downloads/digit_register.vhd:19]
INFO: [Synth 8-3491] module 'code_compare' declared at 'C:/Users/brano/Documents/de1-projekt/DE1_projekt/DE1_projekt.srcs/sources_1/imports/sources_1/new/code_compare.vhd:4' bound to instance 'u_cmp' of component 'code_compare' [C:/Users/brano/Documents/de1-projekt/DE1_projekt/DE1_projekt.srcs/sources_1/imports/sources_1/new/top_safe.vhd:147]
INFO: [Synth 8-638] synthesizing module 'code_compare' [C:/Users/brano/Documents/de1-projekt/DE1_projekt/DE1_projekt.srcs/sources_1/imports/sources_1/new/code_compare.vhd:18]
INFO: [Synth 8-256] done synthesizing module 'code_compare' (0#1) [C:/Users/brano/Documents/de1-projekt/DE1_projekt/DE1_projekt.srcs/sources_1/imports/sources_1/new/code_compare.vhd:18]
INFO: [Synth 8-3491] module 'display_driver' declared at 'C:/Users/brano/Documents/de1-projekt/DE1_projekt/DE1_projekt.srcs/sources_1/imports/sources_1/new/display_driver.vhd:5' bound to instance 'u_disp' of component 'display_driver' [C:/Users/brano/Documents/de1-projekt/DE1_projekt/DE1_projekt.srcs/sources_1/imports/sources_1/new/top_safe.vhd:166]
INFO: [Synth 8-638] synthesizing module 'display_driver' [C:/Users/brano/Documents/de1-projekt/DE1_projekt/DE1_projekt.srcs/sources_1/imports/sources_1/new/display_driver.vhd:17]
	Parameter G_MAX bound to: 80000 - type: integer 
INFO: [Synth 8-3491] module 'clk_en' declared at 'C:/Users/brano/Documents/de1-projekt/DE1_projekt/DE1_projekt.srcs/sources_1/imports/sources_1/imports/Downloads/clk_en.vhd:21' bound to instance 'clock_0' of component 'clk_en' [C:/Users/brano/Documents/de1-projekt/DE1_projekt/DE1_projekt.srcs/sources_1/imports/sources_1/new/display_driver.vhd:45]
INFO: [Synth 8-638] synthesizing module 'clk_en__parameterized1' [C:/Users/brano/Documents/de1-projekt/DE1_projekt/DE1_projekt.srcs/sources_1/imports/sources_1/imports/Downloads/clk_en.vhd:32]
	Parameter G_MAX bound to: 80000 - type: integer 
INFO: [Synth 8-256] done synthesizing module 'clk_en__parameterized1' (0#1) [C:/Users/brano/Documents/de1-projekt/DE1_projekt/DE1_projekt.srcs/sources_1/imports/sources_1/imports/Downloads/clk_en.vhd:32]
INFO: [Synth 8-226] default block is never used [C:/Users/brano/Documents/de1-projekt/DE1_projekt/DE1_projekt.srcs/sources_1/imports/sources_1/new/display_driver.vhd:82]
INFO: [Synth 8-3491] module 'bin2seg' declared at 'C:/Users/brano/Documents/de1-projekt/DE1_projekt/DE1_projekt.srcs/sources_1/imports/sources_1/imports/sources/bin2seg.vhd:21' bound to instance 'decoder_0' of component 'bin2seg' [C:/Users/brano/Documents/de1-projekt/DE1_projekt/DE1_projekt.srcs/sources_1/imports/sources_1/new/display_driver.vhd:89]
INFO: [Synth 8-638] synthesizing module 'bin2seg' [C:/Users/brano/Documents/de1-projekt/DE1_projekt/DE1_projekt.srcs/sources_1/imports/sources_1/imports/sources/bin2seg.vhd:28]
INFO: [Synth 8-226] default block is never used [C:/Users/brano/Documents/de1-projekt/DE1_projekt/DE1_projekt.srcs/sources_1/imports/sources_1/imports/sources/bin2seg.vhd:33]
INFO: [Synth 8-256] done synthesizing module 'bin2seg' (0#1) [C:/Users/brano/Documents/de1-projekt/DE1_projekt/DE1_projekt.srcs/sources_1/imports/sources_1/imports/sources/bin2seg.vhd:28]
INFO: [Synth 8-226] default block is never used [C:/Users/brano/Documents/de1-projekt/DE1_projekt/DE1_projekt.srcs/sources_1/imports/sources_1/new/display_driver.vhd:112]
INFO: [Synth 8-256] done synthesizing module 'display_driver' (0#1) [C:/Users/brano/Documents/de1-projekt/DE1_projekt/DE1_projekt.srcs/sources_1/imports/sources_1/new/display_driver.vhd:17]
INFO: [Synth 8-256] done synthesizing module 'top_safe' (0#1) [C:/Users/brano/Documents/de1-projekt/DE1_projekt/DE1_projekt.srcs/sources_1/imports/sources_1/new/top_safe.vhd:19]
WARNING: [Synth 8-3917] design top_safe has port DP driven by constant 1
---------------------------------------------------------------------------------
Finished RTL Elaboration : Time (s): cpu = 00:00:14 ; elapsed = 00:00:12 . Memory (MB): peak = 2825.523 ; gain = 5.824
---------------------------------------------------------------------------------
---------------------------------------------------------------------------------
Start Handling Custom Attributes
---------------------------------------------------------------------------------
---------------------------------------------------------------------------------
Finished Handling Custom Attributes : Time (s): cpu = 00:00:14 ; elapsed = 00:00:12 . Memory (MB): peak = 2825.523 ; gain = 5.824
---------------------------------------------------------------------------------
---------------------------------------------------------------------------------
Finished RTL Optimization Phase 1 : Time (s): cpu = 00:00:14 ; elapsed = 00:00:12 . Memory (MB): peak = 2825.523 ; gain = 5.824
---------------------------------------------------------------------------------
Netlist sorting complete. Time (s): cpu = 00:00:00 ; elapsed = 00:00:00.004 . Memory (MB): peak = 2825.523 ; gain = 0.000
INFO: [Project 1-570] Preparing netlist for logic optimization

Processing XDC Constraints
Initializing timing engine
Parsing XDC File [C:/Users/brano/Documents/de1-projekt/DE1_projekt/DE1_projekt.srcs/constrs_1/imports/Downloads/nexys.xdc]
Finished Parsing XDC File [C:/Users/brano/Documents/de1-projekt/DE1_projekt/DE1_projekt.srcs/constrs_1/imports/Downloads/nexys.xdc]
Completed Processing XDC Constraints

Netlist sorting complete. Time (s): cpu = 00:00:00 ; elapsed = 00:00:00.001 . Memory (MB): peak = 2924.668 ; gain = 0.000
INFO: [Project 1-111] Unisim Transformation Summary:
No Unisim elements were transformed.

RTL Elaboration Complete:  : Time (s): cpu = 00:00:28 ; elapsed = 00:00:17 . Memory (MB): peak = 2925.879 ; gain = 106.180
36 Infos, 1 Warnings, 0 Critical Warnings and 0 Errors encountered.
synth_design completed successfully
synth_design: Time (s): cpu = 00:00:28 ; elapsed = 00:00:17 . Memory (MB): peak = 2925.879 ; gain = 106.180
WARNING: [filemgmt 56-199] Attempt to get parsing info during refresh. "On-the-fly" syntax checking information may be incorrect. [C:\Users\brano\Documents\de1-projekt\DE1_projekt\DE1_projekt.srcs\sources_1\imports\sources_1\imports\Downloads\clk_en.vhd:]
WARNING: [filemgmt 56-199] Attempt to get parsing info during refresh. "On-the-fly" syntax checking information may be incorrect. [C:\Users\brano\Documents\de1-projekt\DE1_projekt\DE1_projekt.srcs\sources_1\imports\sources_1\new\code_compare.vhd:]
WARNING: [filemgmt 56-199] Attempt to get parsing info during refresh. "On-the-fly" syntax checking information may be incorrect. [C:\Users\brano\Documents\de1-projekt\DE1_projekt\DE1_projekt.srcs\sources_1\imports\sources_1\imports\sources\debounce.vhd:]
WARNING: [filemgmt 56-199] Attempt to get parsing info during refresh. "On-the-fly" syntax checking information may be incorrect. [C:\Users\brano\Documents\de1-projekt\DE1_projekt\DE1_projekt.srcs\sources_1\imports\sources_1\new\top_safe.vhd:]
WARNING: [filemgmt 56-199] Attempt to get parsing info during refresh. "On-the-fly" syntax checking information may be incorrect. [C:\Users\brano\Documents\de1-projekt\DE1_projekt\DE1_projekt.srcs\sources_1\imports\sources_1\imports\sources\bin2seg.vhd:]
WARNING: [filemgmt 56-199] Attempt to get parsing info during refresh. "On-the-fly" syntax checking information may be incorrect. [C:\Users\brano\Documents\de1-projekt\DE1_projekt\DE1_projekt.srcs\sources_1\imports\sources_1\imports\Downloads\digit_register.vhd:]
WARNING: [filemgmt 56-199] Attempt to get parsing info during refresh. "On-the-fly" syntax checking information may be incorrect. [C:\Users\brano\Documents\de1-projekt\DE1_projekt\DE1_projekt.srcs\sources_1\imports\sources_1\new\safe_fsm.vhd:]
WARNING: [filemgmt 56-199] Attempt to get parsing info during refresh. "On-the-fly" syntax checking information may be incorrect. [C:\Users\brano\Documents\de1-projekt\DE1_projekt\DE1_projekt.srcs\sources_1\imports\sources_1\new\display_driver.vhd:]
WARNING: [filemgmt 56-199] Attempt to get parsing info during refresh. "On-the-fly" syntax checking information may be incorrect. [C:\Users\brano\Documents\de1-projekt\DE1_projekt\DE1_projekt.srcs\sources_1\imports\sources_1\imports\Downloads\clk_en.vhd:]
WARNING: [filemgmt 56-199] Attempt to get parsing info during refresh. "On-the-fly" syntax checking information may be incorrect. [C:\Users\brano\Documents\de1-projekt\DE1_projekt\DE1_projekt.srcs\sources_1\imports\sources_1\imports\Downloads\clk_en.vhd:]
WARNING: [filemgmt 56-199] Attempt to get parsing info during refresh. "On-the-fly" syntax checking information may be incorrect. [C:\Users\brano\Documents\de1-projekt\DE1_projekt\DE1_projekt.srcs\sources_1\imports\sources_1\imports\Downloads\clk_en.vhd:]
WARNING: [filemgmt 56-199] Attempt to get parsing info during refresh. "On-the-fly" syntax checking information may be incorrect. [C:\Users\brano\Documents\de1-projekt\DE1_projekt\DE1_projekt.srcs\sources_1\imports\sources_1\new\code_compare.vhd:]
WARNING: [filemgmt 56-199] Attempt to get parsing info during refresh. "On-the-fly" syntax checking information may be incorrect. [C:\Users\brano\Documents\de1-projekt\DE1_projekt\DE1_projekt.srcs\sources_1\imports\sources_1\imports\sources\debounce.vhd:]
WARNING: [filemgmt 56-199] Attempt to get parsing info during refresh. "On-the-fly" syntax checking information may be incorrect. [C:\Users\brano\Documents\de1-projekt\DE1_projekt\DE1_projekt.srcs\sources_1\imports\sources_1\new\top_safe.vhd:]
WARNING: [filemgmt 56-199] Attempt to get parsing info during refresh. "On-the-fly" syntax checking information may be incorrect. [C:\Users\brano\Documents\de1-projekt\DE1_projekt\DE1_projekt.srcs\sources_1\imports\sources_1\imports\sources\bin2seg.vhd:]
WARNING: [filemgmt 56-199] Attempt to get parsing info during refresh. "On-the-fly" syntax checking information may be incorrect. [C:\Users\brano\Documents\de1-projekt\DE1_projekt\DE1_projekt.srcs\sources_1\imports\sources_1\imports\Downloads\digit_register.vhd:]
WARNING: [filemgmt 56-199] Attempt to get parsing info during refresh. "On-the-fly" syntax checking information may be incorrect. [C:\Users\brano\Documents\de1-projekt\DE1_projekt\DE1_projekt.srcs\sources_1\imports\sources_1\new\safe_fsm.vhd:]
WARNING: [filemgmt 56-199] Attempt to get parsing info during refresh. "On-the-fly" syntax checking information may be incorrect. [C:\Users\brano\Documents\de1-projekt\DE1_projekt\DE1_projekt.srcs\sources_1\imports\sources_1\new\display_driver.vhd:]
WARNING: [filemgmt 56-199] Attempt to get parsing info during refresh. "On-the-fly" syntax checking information may be incorrect. [C:\Users\brano\Documents\de1-projekt\DE1_projekt\DE1_projekt.srcs\sources_1\imports\sources_1\imports\sources\debounce.vhd:]
WARNING: [filemgmt 56-199] Attempt to get parsing info during refresh. "On-the-fly" syntax checking information may be incorrect. [C:\Users\brano\Documents\de1-projekt\DE1_projekt\DE1_projekt.srcs\sources_1\imports\sources_1\imports\sources\debounce.vhd:]
WARNING: [filemgmt 56-199] Attempt to get parsing info during refresh. "On-the-fly" syntax checking information may be incorrect. [C:\Users\brano\Documents\de1-projekt\DE1_projekt\DE1_projekt.srcs\sources_1\imports\sources_1\imports\Downloads\clk_en.vhd:]
WARNING: [filemgmt 56-199] Attempt to get parsing info during refresh. "On-the-fly" syntax checking information may be incorrect. [C:\Users\brano\Documents\de1-projekt\DE1_projekt\DE1_projekt.srcs\sources_1\imports\sources_1\new\code_compare.vhd:]
WARNING: [filemgmt 56-199] Attempt to get parsing info during refresh. "On-the-fly" syntax checking information may be incorrect. [C:\Users\brano\Documents\de1-projekt\DE1_projekt\DE1_projekt.srcs\sources_1\imports\sources_1\imports\sources\debounce.vhd:]
WARNING: [filemgmt 56-199] Attempt to get parsing info during refresh. "On-the-fly" syntax checking information may be incorrect. [C:\Users\brano\Documents\de1-projekt\DE1_projekt\DE1_projekt.srcs\sources_1\imports\sources_1\new\top_safe.vhd:]
WARNING: [filemgmt 56-199] Attempt to get parsing info during refresh. "On-the-fly" syntax checking information may be incorrect. [C:\Users\brano\Documents\de1-projekt\DE1_projekt\DE1_projekt.srcs\sources_1\imports\sources_1\imports\sources\bin2seg.vhd:]
WARNING: [filemgmt 56-199] Attempt to get parsing info during refresh. "On-the-fly" syntax checking information may be incorrect. [C:\Users\brano\Documents\de1-projekt\DE1_projekt\DE1_projekt.srcs\sources_1\imports\sources_1\imports\Downloads\digit_register.vhd:]
WARNING: [filemgmt 56-199] Attempt to get parsing info during refresh. "On-the-fly" syntax checking information may be incorrect. [C:\Users\brano\Documents\de1-projekt\DE1_projekt\DE1_projekt.srcs\sources_1\imports\sources_1\new\safe_fsm.vhd:]
WARNING: [filemgmt 56-199] Attempt to get parsing info during refresh. "On-the-fly" syntax checking information may be incorrect. [C:\Users\brano\Documents\de1-projekt\DE1_projekt\DE1_projekt.srcs\sources_1\imports\sources_1\new\display_driver.vhd:]
WARNING: [filemgmt 56-199] Attempt to get parsing info during refresh. "On-the-fly" syntax checking information may be incorrect. [C:\Users\brano\Documents\de1-projekt\DE1_projekt\DE1_projekt.srcs\sources_1\imports\sources_1\new\safe_fsm.vhd:]
WARNING: [filemgmt 56-199] Attempt to get parsing info during refresh. "On-the-fly" syntax checking information may be incorrect. [C:\Users\brano\Documents\de1-projekt\DE1_projekt\DE1_projekt.srcs\sources_1\imports\sources_1\new\safe_fsm.vhd:]
WARNING: [filemgmt 56-199] Attempt to get parsing info during refresh. "On-the-fly" syntax checking information may be incorrect. [C:\Users\brano\Documents\de1-projekt\DE1_projekt\DE1_projekt.srcs\sources_1\imports\sources_1\imports\Downloads\clk_en.vhd:]
WARNING: [filemgmt 56-199] Attempt to get parsing info during refresh. "On-the-fly" syntax checking information may be incorrect. [C:\Users\brano\Documents\de1-projekt\DE1_projekt\DE1_projekt.srcs\sources_1\imports\sources_1\new\code_compare.vhd:]
WARNING: [filemgmt 56-199] Attempt to get parsing info during refresh. "On-the-fly" syntax checking information may be incorrect. [C:\Users\brano\Documents\de1-projekt\DE1_projekt\DE1_projekt.srcs\sources_1\imports\sources_1\imports\sources\debounce.vhd:]
WARNING: [filemgmt 56-199] Attempt to get parsing info during refresh. "On-the-fly" syntax checking information may be incorrect. [C:\Users\brano\Documents\de1-projekt\DE1_projekt\DE1_projekt.srcs\sources_1\imports\sources_1\new\top_safe.vhd:]
WARNING: [filemgmt 56-199] Attempt to get parsing info during refresh. "On-the-fly" syntax checking information may be incorrect. [C:\Users\brano\Documents\de1-projekt\DE1_projekt\DE1_projekt.srcs\sources_1\imports\sources_1\imports\sources\bin2seg.vhd:]
WARNING: [filemgmt 56-199] Attempt to get parsing info during refresh. "On-the-fly" syntax checking information may be incorrect. [C:\Users\brano\Documents\de1-projekt\DE1_projekt\DE1_projekt.srcs\sources_1\imports\sources_1\imports\Downloads\digit_register.vhd:]
WARNING: [filemgmt 56-199] Attempt to get parsing info during refresh. "On-the-fly" syntax checking information may be incorrect. [C:\Users\brano\Documents\de1-projekt\DE1_projekt\DE1_projekt.srcs\sources_1\imports\sources_1\new\safe_fsm.vhd:]
WARNING: [filemgmt 56-199] Attempt to get parsing info during refresh. "On-the-fly" syntax checking information may be incorrect. [C:\Users\brano\Documents\de1-projekt\DE1_projekt\DE1_projekt.srcs\sources_1\imports\sources_1\new\display_driver.vhd:]
WARNING: [filemgmt 56-199] Attempt to get parsing info during refresh. "On-the-fly" syntax checking information may be incorrect. [C:\Users\brano\Documents\de1-projekt\DE1_projekt\DE1_projekt.srcs\sources_1\imports\sources_1\new\code_compare.vhd:]
WARNING: [filemgmt 56-199] Attempt to get parsing info during refresh. "On-the-fly" syntax checking information may be incorrect. [C:\Users\brano\Documents\de1-projekt\DE1_projekt\DE1_projekt.srcs\sources_1\imports\sources_1\new\code_compare.vhd:]
WARNING: [filemgmt 56-199] Attempt to get parsing info during refresh. "On-the-fly" syntax checking information may be incorrect. [C:\Users\brano\Documents\de1-projekt\DE1_projekt\DE1_projekt.srcs\sources_1\imports\sources_1\imports\Downloads\clk_en.vhd:]
WARNING: [filemgmt 56-199] Attempt to get parsing info during refresh. "On-the-fly" syntax checking information may be incorrect. [C:\Users\brano\Documents\de1-projekt\DE1_projekt\DE1_projekt.srcs\sources_1\imports\sources_1\new\code_compare.vhd:]
WARNING: [filemgmt 56-199] Attempt to get parsing info during refresh. "On-the-fly" syntax checking information may be incorrect. [C:\Users\brano\Documents\de1-projekt\DE1_projekt\DE1_projekt.srcs\sources_1\imports\sources_1\imports\sources\debounce.vhd:]
WARNING: [filemgmt 56-199] Attempt to get parsing info during refresh. "On-the-fly" syntax checking information may be incorrect. [C:\Users\brano\Documents\de1-projekt\DE1_projekt\DE1_projekt.srcs\sources_1\imports\sources_1\new\top_safe.vhd:]
WARNING: [filemgmt 56-199] Attempt to get parsing info during refresh. "On-the-fly" syntax checking information may be incorrect. [C:\Users\brano\Documents\de1-projekt\DE1_projekt\DE1_projekt.srcs\sources_1\imports\sources_1\imports\sources\bin2seg.vhd:]
WARNING: [filemgmt 56-199] Attempt to get parsing info during refresh. "On-the-fly" syntax checking information may be incorrect. [C:\Users\brano\Documents\de1-projekt\DE1_projekt\DE1_projekt.srcs\sources_1\imports\sources_1\imports\Downloads\digit_register.vhd:]
WARNING: [filemgmt 56-199] Attempt to get parsing info during refresh. "On-the-fly" syntax checking information may be incorrect. [C:\Users\brano\Documents\de1-projekt\DE1_projekt\DE1_projekt.srcs\sources_1\imports\sources_1\new\safe_fsm.vhd:]
WARNING: [filemgmt 56-199] Attempt to get parsing info during refresh. "On-the-fly" syntax checking information may be incorrect. [C:\Users\brano\Documents\de1-projekt\DE1_projekt\DE1_projekt.srcs\sources_1\imports\sources_1\new\display_driver.vhd:]
WARNING: [filemgmt 56-199] Attempt to get parsing info during refresh. "On-the-fly" syntax checking information may be incorrect. [C:\Users\brano\Documents\de1-projekt\DE1_projekt\DE1_projekt.srcs\sources_1\imports\sources_1\imports\sources\bin2seg.vhd:]
WARNING: [filemgmt 56-199] Attempt to get parsing info during refresh. "On-the-fly" syntax checking information may be incorrect. [C:\Users\brano\Documents\de1-projekt\DE1_projekt\DE1_projekt.srcs\sources_1\imports\sources_1\imports\sources\bin2seg.vhd:]
ERROR: [Common 17-180] Spawn failed: The operation completed successfully.

ERROR: [Common 17-180] Spawn failed: The operation completed successfully.

ERROR: [Common 17-180] Spawn failed: The operation completed successfully.

reset_run synth_1
INFO: [Project 1-1161] Replacing file C:/Users/brano/Documents/de1-projekt/DE1_projekt/DE1_projekt.srcs/utils_1/imports/synth_1/top_safe.dcp with file C:/Users/brano/Documents/de1-projekt/DE1_projekt/DE1_projekt.runs/synth_1/top_safe.dcp
WARNING: [filemgmt 56-199] Attempt to get parsing info during refresh. "On-the-fly" syntax checking information may be incorrect. [C:\Users\brano\Documents\de1-projekt\DE1_projekt\DE1_projekt.srcs\sources_1\imports\sources_1\imports\Downloads\clk_en.vhd:]
WARNING: [filemgmt 56-199] Attempt to get parsing info during refresh. "On-the-fly" syntax checking information may be incorrect. [C:\Users\brano\Documents\de1-projekt\DE1_projekt\DE1_projekt.srcs\sources_1\imports\sources_1\new\code_compare.vhd:]
WARNING: [filemgmt 56-199] Attempt to get parsing info during refresh. "On-the-fly" syntax checking information may be incorrect. [C:\Users\brano\Documents\de1-projekt\DE1_projekt\DE1_projekt.srcs\sources_1\imports\sources_1\imports\sources\debounce.vhd:]
WARNING: [filemgmt 56-199] Attempt to get parsing info during refresh. "On-the-fly" syntax checking information may be incorrect. [C:\Users\brano\Documents\de1-projekt\DE1_projekt\DE1_projekt.srcs\sources_1\imports\sources_1\new\top_safe.vhd:]
WARNING: [filemgmt 56-199] Attempt to get parsing info during refresh. "On-the-fly" syntax checking information may be incorrect. [C:\Users\brano\Documents\de1-projekt\DE1_projekt\DE1_projekt.srcs\sources_1\imports\sources_1\imports\sources\bin2seg.vhd:]
WARNING: [filemgmt 56-199] Attempt to get parsing info during refresh. "On-the-fly" syntax checking information may be incorrect. [C:\Users\brano\Documents\de1-projekt\DE1_projekt\DE1_projekt.srcs\sources_1\imports\sources_1\imports\Downloads\digit_register.vhd:]
WARNING: [filemgmt 56-199] Attempt to get parsing info during refresh. "On-the-fly" syntax checking information may be incorrect. [C:\Users\brano\Documents\de1-projekt\DE1_projekt\DE1_projekt.srcs\sources_1\imports\sources_1\new\safe_fsm.vhd:]
WARNING: [filemgmt 56-199] Attempt to get parsing info during refresh. "On-the-fly" syntax checking information may be incorrect. [C:\Users\brano\Documents\de1-projekt\DE1_projekt\DE1_projekt.srcs\sources_1\imports\sources_1\new\display_driver.vhd:]
WARNING: [filemgmt 56-199] Attempt to get parsing info during refresh. "On-the-fly" syntax checking information may be incorrect. [C:\Users\brano\Documents\de1-projekt\DE1_projekt\DE1_projekt.srcs\sources_1\imports\sources_1\imports\sources\debounce.vhd:]
WARNING: [filemgmt 56-199] Attempt to get parsing info during refresh. "On-the-fly" syntax checking information may be incorrect. [C:\Users\brano\Documents\de1-projekt\DE1_projekt\DE1_projekt.srcs\sources_1\imports\sources_1\imports\sources\debounce.vhd:]
WARNING: [filemgmt 56-199] Attempt to get parsing info during refresh. "On-the-fly" syntax checking information may be incorrect. [C:\Users\brano\Documents\de1-projekt\DE1_projekt\DE1_projekt.srcs\sources_1\imports\sources_1\imports\Downloads\clk_en.vhd:]
WARNING: [filemgmt 56-199] Attempt to get parsing info during refresh. "On-the-fly" syntax checking information may be incorrect. [C:\Users\brano\Documents\de1-projekt\DE1_projekt\DE1_projekt.srcs\sources_1\imports\sources_1\new\code_compare.vhd:]
WARNING: [filemgmt 56-199] Attempt to get parsing info during refresh. "On-the-fly" syntax checking information may be incorrect. [C:\Users\brano\Documents\de1-projekt\DE1_projekt\DE1_projekt.srcs\sources_1\imports\sources_1\imports\sources\debounce.vhd:]
WARNING: [filemgmt 56-199] Attempt to get parsing info during refresh. "On-the-fly" syntax checking information may be incorrect. [C:\Users\brano\Documents\de1-projekt\DE1_projekt\DE1_projekt.srcs\sources_1\imports\sources_1\new\top_safe.vhd:]
WARNING: [filemgmt 56-199] Attempt to get parsing info during refresh. "On-the-fly" syntax checking information may be incorrect. [C:\Users\brano\Documents\de1-projekt\DE1_projekt\DE1_projekt.srcs\sources_1\imports\sources_1\imports\sources\bin2seg.vhd:]
WARNING: [filemgmt 56-199] Attempt to get parsing info during refresh. "On-the-fly" syntax checking information may be incorrect. [C:\Users\brano\Documents\de1-projekt\DE1_projekt\DE1_projekt.srcs\sources_1\imports\sources_1\imports\Downloads\digit_register.vhd:]
WARNING: [filemgmt 56-199] Attempt to get parsing info during refresh. "On-the-fly" syntax checking information may be incorrect. [C:\Users\brano\Documents\de1-projekt\DE1_projekt\DE1_projekt.srcs\sources_1\imports\sources_1\new\safe_fsm.vhd:]
WARNING: [filemgmt 56-199] Attempt to get parsing info during refresh. "On-the-fly" syntax checking information may be incorrect. [C:\Users\brano\Documents\de1-projekt\DE1_projekt\DE1_projekt.srcs\sources_1\imports\sources_1\new\display_driver.vhd:]
WARNING: [filemgmt 56-199] Attempt to get parsing info during refresh. "On-the-fly" syntax checking information may be incorrect. [C:\Users\brano\Documents\de1-projekt\DE1_projekt\DE1_projekt.srcs\sources_1\imports\sources_1\imports\Downloads\clk_en.vhd:]
WARNING: [filemgmt 56-199] Attempt to get parsing info during refresh. "On-the-fly" syntax checking information may be incorrect. [C:\Users\brano\Documents\de1-projekt\DE1_projekt\DE1_projekt.srcs\sources_1\imports\sources_1\imports\Downloads\clk_en.vhd:]
WARNING: [filemgmt 56-199] Attempt to get parsing info during refresh. "On-the-fly" syntax checking information may be incorrect. [C:\Users\brano\Documents\de1-projekt\DE1_projekt\DE1_projekt.srcs\sources_1\imports\sources_1\imports\Downloads\clk_en.vhd:]
WARNING: [filemgmt 56-199] Attempt to get parsing info during refresh. "On-the-fly" syntax checking information may be incorrect. [C:\Users\brano\Documents\de1-projekt\DE1_projekt\DE1_projekt.srcs\sources_1\imports\sources_1\new\code_compare.vhd:]
WARNING: [filemgmt 56-199] Attempt to get parsing info during refresh. "On-the-fly" syntax checking information may be incorrect. [C:\Users\brano\Documents\de1-projekt\DE1_projekt\DE1_projekt.srcs\sources_1\imports\sources_1\imports\sources\debounce.vhd:]
WARNING: [filemgmt 56-199] Attempt to get parsing info during refresh. "On-the-fly" syntax checking information may be incorrect. [C:\Users\brano\Documents\de1-projekt\DE1_projekt\DE1_projekt.srcs\sources_1\imports\sources_1\new\top_safe.vhd:]
WARNING: [filemgmt 56-199] Attempt to get parsing info during refresh. "On-the-fly" syntax checking information may be incorrect. [C:\Users\brano\Documents\de1-projekt\DE1_projekt\DE1_projekt.srcs\sources_1\imports\sources_1\imports\sources\bin2seg.vhd:]
WARNING: [filemgmt 56-199] Attempt to get parsing info during refresh. "On-the-fly" syntax checking information may be incorrect. [C:\Users\brano\Documents\de1-projekt\DE1_projekt\DE1_projekt.srcs\sources_1\imports\sources_1\imports\Downloads\digit_register.vhd:]
WARNING: [filemgmt 56-199] Attempt to get parsing info during refresh. "On-the-fly" syntax checking information may be incorrect. [C:\Users\brano\Documents\de1-projekt\DE1_projekt\DE1_projekt.srcs\sources_1\imports\sources_1\new\safe_fsm.vhd:]
WARNING: [filemgmt 56-199] Attempt to get parsing info during refresh. "On-the-fly" syntax checking information may be incorrect. [C:\Users\brano\Documents\de1-projekt\DE1_projekt\DE1_projekt.srcs\sources_1\imports\sources_1\new\display_driver.vhd:]
WARNING: [filemgmt 56-199] Attempt to get parsing info during refresh. "On-the-fly" syntax checking information may be incorrect. [C:\Users\brano\Documents\de1-projekt\DE1_projekt\DE1_projekt.srcs\sources_1\imports\sources_1\new\safe_fsm.vhd:]
WARNING: [filemgmt 56-199] Attempt to get parsing info during refresh. "On-the-fly" syntax checking information may be incorrect. [C:\Users\brano\Documents\de1-projekt\DE1_projekt\DE1_projekt.srcs\sources_1\imports\sources_1\new\safe_fsm.vhd:]
WARNING: [filemgmt 56-199] Attempt to get parsing info during refresh. "On-the-fly" syntax checking information may be incorrect. [C:\Users\brano\Documents\de1-projekt\DE1_projekt\DE1_projekt.srcs\sources_1\imports\sources_1\imports\Downloads\clk_en.vhd:]
WARNING: [filemgmt 56-199] Attempt to get parsing info during refresh. "On-the-fly" syntax checking information may be incorrect. [C:\Users\brano\Documents\de1-projekt\DE1_projekt\DE1_projekt.srcs\sources_1\imports\sources_1\new\code_compare.vhd:]
WARNING: [filemgmt 56-199] Attempt to get parsing info during refresh. "On-the-fly" syntax checking information may be incorrect. [C:\Users\brano\Documents\de1-projekt\DE1_projekt\DE1_projekt.srcs\sources_1\imports\sources_1\imports\sources\debounce.vhd:]
WARNING: [filemgmt 56-199] Attempt to get parsing info during refresh. "On-the-fly" syntax checking information may be incorrect. [C:\Users\brano\Documents\de1-projekt\DE1_projekt\DE1_projekt.srcs\sources_1\imports\sources_1\new\top_safe.vhd:]
WARNING: [filemgmt 56-199] Attempt to get parsing info during refresh. "On-the-fly" syntax checking information may be incorrect. [C:\Users\brano\Documents\de1-projekt\DE1_projekt\DE1_projekt.srcs\sources_1\imports\sources_1\imports\sources\bin2seg.vhd:]
WARNING: [filemgmt 56-199] Attempt to get parsing info during refresh. "On-the-fly" syntax checking information may be incorrect. [C:\Users\brano\Documents\de1-projekt\DE1_projekt\DE1_projekt.srcs\sources_1\imports\sources_1\imports\Downloads\digit_register.vhd:]
WARNING: [filemgmt 56-199] Attempt to get parsing info during refresh. "On-the-fly" syntax checking information may be incorrect. [C:\Users\brano\Documents\de1-projekt\DE1_projekt\DE1_projekt.srcs\sources_1\imports\sources_1\new\safe_fsm.vhd:]
WARNING: [filemgmt 56-199] Attempt to get parsing info during refresh. "On-the-fly" syntax checking information may be incorrect. [C:\Users\brano\Documents\de1-projekt\DE1_projekt\DE1_projekt.srcs\sources_1\imports\sources_1\new\display_driver.vhd:]
WARNING: [filemgmt 56-199] Attempt to get parsing info during refresh. "On-the-fly" syntax checking information may be incorrect. [C:\Users\brano\Documents\de1-projekt\DE1_projekt\DE1_projekt.srcs\sources_1\imports\sources_1\new\display_driver.vhd:]
WARNING: [filemgmt 56-199] Attempt to get parsing info during refresh. "On-the-fly" syntax checking information may be incorrect. [C:\Users\brano\Documents\de1-projekt\DE1_projekt\DE1_projekt.srcs\sources_1\imports\sources_1\new\display_driver.vhd:]
WARNING: [filemgmt 56-199] Attempt to get parsing info during refresh. "On-the-fly" syntax checking information may be incorrect. [C:\Users\brano\Documents\de1-projekt\DE1_projekt\DE1_projekt.srcs\sources_1\imports\sources_1\imports\Downloads\clk_en.vhd:]
WARNING: [filemgmt 56-199] Attempt to get parsing info during refresh. "On-the-fly" syntax checking information may be incorrect. [C:\Users\brano\Documents\de1-projekt\DE1_projekt\DE1_projekt.srcs\sources_1\imports\sources_1\new\code_compare.vhd:]
WARNING: [filemgmt 56-199] Attempt to get parsing info during refresh. "On-the-fly" syntax checking information may be incorrect. [C:\Users\brano\Documents\de1-projekt\DE1_projekt\DE1_projekt.srcs\sources_1\imports\sources_1\imports\sources\debounce.vhd:]
WARNING: [filemgmt 56-199] Attempt to get parsing info during refresh. "On-the-fly" syntax checking information may be incorrect. [C:\Users\brano\Documents\de1-projekt\DE1_projekt\DE1_projekt.srcs\sources_1\imports\sources_1\new\top_safe.vhd:]
WARNING: [filemgmt 56-199] Attempt to get parsing info during refresh. "On-the-fly" syntax checking information may be incorrect. [C:\Users\brano\Documents\de1-projekt\DE1_projekt\DE1_projekt.srcs\sources_1\imports\sources_1\imports\sources\bin2seg.vhd:]
WARNING: [filemgmt 56-199] Attempt to get parsing info during refresh. "On-the-fly" syntax checking information may be incorrect. [C:\Users\brano\Documents\de1-projekt\DE1_projekt\DE1_projekt.srcs\sources_1\imports\sources_1\imports\Downloads\digit_register.vhd:]
WARNING: [filemgmt 56-199] Attempt to get parsing info during refresh. "On-the-fly" syntax checking information may be incorrect. [C:\Users\brano\Documents\de1-projekt\DE1_projekt\DE1_projekt.srcs\sources_1\imports\sources_1\new\safe_fsm.vhd:]
WARNING: [filemgmt 56-199] Attempt to get parsing info during refresh. "On-the-fly" syntax checking information may be incorrect. [C:\Users\brano\Documents\de1-projekt\DE1_projekt\DE1_projekt.srcs\sources_1\imports\sources_1\new\display_driver.vhd:]
WARNING: [filemgmt 56-199] Attempt to get parsing info during refresh. "On-the-fly" syntax checking information may be incorrect. [C:\Users\brano\Documents\de1-projekt\DE1_projekt\DE1_projekt.srcs\sources_1\imports\sources_1\imports\sources\bin2seg.vhd:]
WARNING: [filemgmt 56-199] Attempt to get parsing info during refresh. "On-the-fly" syntax checking information may be incorrect. [C:\Users\brano\Documents\de1-projekt\DE1_projekt\DE1_projekt.srcs\sources_1\imports\sources_1\imports\sources\bin2seg.vhd:]
WARNING: [filemgmt 56-199] Attempt to get parsing info during refresh. "On-the-fly" syntax checking information may be incorrect. [C:\Users\brano\Documents\de1-projekt\DE1_projekt\DE1_projekt.srcs\sources_1\imports\sources_1\imports\Downloads\clk_en.vhd:]
WARNING: [filemgmt 56-199] Attempt to get parsing info during refresh. "On-the-fly" syntax checking information may be incorrect. [C:\Users\brano\Documents\de1-projekt\DE1_projekt\DE1_projekt.srcs\sources_1\imports\sources_1\new\code_compare.vhd:]
WARNING: [filemgmt 56-199] Attempt to get parsing info during refresh. "On-the-fly" syntax checking information may be incorrect. [C:\Users\brano\Documents\de1-projekt\DE1_projekt\DE1_projekt.srcs\sources_1\imports\sources_1\imports\sources\debounce.vhd:]
WARNING: [filemgmt 56-199] Attempt to get parsing info during refresh. "On-the-fly" syntax checking information may be incorrect. [C:\Users\brano\Documents\de1-projekt\DE1_projekt\DE1_projekt.srcs\sources_1\imports\sources_1\new\top_safe.vhd:]
WARNING: [filemgmt 56-199] Attempt to get parsing info during refresh. "On-the-fly" syntax checking information may be incorrect. [C:\Users\brano\Documents\de1-projekt\DE1_projekt\DE1_projekt.srcs\sources_1\imports\sources_1\imports\sources\bin2seg.vhd:]
WARNING: [filemgmt 56-199] Attempt to get parsing info during refresh. "On-the-fly" syntax checking information may be incorrect. [C:\Users\brano\Documents\de1-projekt\DE1_projekt\DE1_projekt.srcs\sources_1\imports\sources_1\imports\Downloads\digit_register.vhd:]
WARNING: [filemgmt 56-199] Attempt to get parsing info during refresh. "On-the-fly" syntax checking information may be incorrect. [C:\Users\brano\Documents\de1-projekt\DE1_projekt\DE1_projekt.srcs\sources_1\imports\sources_1\new\safe_fsm.vhd:]
WARNING: [filemgmt 56-199] Attempt to get parsing info during refresh. "On-the-fly" syntax checking information may be incorrect. [C:\Users\brano\Documents\de1-projekt\DE1_projekt\DE1_projekt.srcs\sources_1\imports\sources_1\new\display_driver.vhd:]
WARNING: [filemgmt 56-199] Attempt to get parsing info during refresh. "On-the-fly" syntax checking information may be incorrect. [C:\Users\brano\Documents\de1-projekt\DE1_projekt\DE1_projekt.srcs\sources_1\imports\sources_1\imports\Downloads\digit_register.vhd:]
WARNING: [filemgmt 56-199] Attempt to get parsing info during refresh. "On-the-fly" syntax checking information may be incorrect. [C:\Users\brano\Documents\de1-projekt\DE1_projekt\DE1_projekt.srcs\sources_1\imports\sources_1\imports\Downloads\digit_register.vhd:]
launch_runs impl_1 -to_step write_bitstream -jobs 4
ERROR: [Common 17-180] Spawn failed: The operation completed successfully.

WARNING: [filemgmt 56-199] Attempt to get parsing info during refresh. "On-the-fly" syntax checking information may be incorrect. [C:\Users\brano\Documents\de1-projekt\DE1_projekt\DE1_projekt.srcs\sources_1\imports\sources_1\imports\Downloads\clk_en.vhd:]
WARNING: [filemgmt 56-199] Attempt to get parsing info during refresh. "On-the-fly" syntax checking information may be incorrect. [C:\Users\brano\Documents\de1-projekt\DE1_projekt\DE1_projekt.srcs\sources_1\imports\sources_1\new\code_compare.vhd:]
WARNING: [filemgmt 56-199] Attempt to get parsing info during refresh. "On-the-fly" syntax checking information may be incorrect. [C:\Users\brano\Documents\de1-projekt\DE1_projekt\DE1_projekt.srcs\sources_1\imports\sources_1\imports\sources\debounce.vhd:]
WARNING: [filemgmt 56-199] Attempt to get parsing info during refresh. "On-the-fly" syntax checking information may be incorrect. [C:\Users\brano\Documents\de1-projekt\DE1_projekt\DE1_projekt.srcs\sources_1\imports\sources_1\new\top_safe.vhd:]
WARNING: [filemgmt 56-199] Attempt to get parsing info during refresh. "On-the-fly" syntax checking information may be incorrect. [C:\Users\brano\Documents\de1-projekt\DE1_projekt\DE1_projekt.srcs\sources_1\imports\sources_1\imports\sources\bin2seg.vhd:]
WARNING: [filemgmt 56-199] Attempt to get parsing info during refresh. "On-the-fly" syntax checking information may be incorrect. [C:\Users\brano\Documents\de1-projekt\DE1_projekt\DE1_projekt.srcs\sources_1\imports\sources_1\imports\Downloads\digit_register.vhd:]
WARNING: [filemgmt 56-199] Attempt to get parsing info during refresh. "On-the-fly" syntax checking information may be incorrect. [C:\Users\brano\Documents\de1-projekt\DE1_projekt\DE1_projekt.srcs\sources_1\imports\sources_1\new\safe_fsm.vhd:]
WARNING: [filemgmt 56-199] Attempt to get parsing info during refresh. "On-the-fly" syntax checking information may be incorrect. [C:\Users\brano\Documents\de1-projekt\DE1_projekt\DE1_projekt.srcs\sources_1\imports\sources_1\new\display_driver.vhd:]
WARNING: [filemgmt 56-199] Attempt to get parsing info during refresh. "On-the-fly" syntax checking information may be incorrect. [C:\Users\brano\Documents\de1-projekt\DE1_projekt\DE1_projekt.srcs\sources_1\imports\sources_1\new\top_safe.vhd:]
WARNING: [filemgmt 56-199] Attempt to get parsing info during refresh. "On-the-fly" syntax checking information may be incorrect. [C:\Users\brano\Documents\de1-projekt\DE1_projekt\DE1_projekt.srcs\sources_1\imports\sources_1\new\top_safe.vhd:]
ERROR: [Common 17-180] Spawn failed: The operation completed successfully.

[Sun May  3 15:02:46 2026] Launched synth_1...
Run output will be captured here: C:/Users/brano/Documents/de1-projekt/DE1_projekt/DE1_projekt.runs/synth_1/runme.log
[Sun May  3 15:02:46 2026] Launched impl_1...
Run output will be captured here: C:/Users/brano/Documents/de1-projekt/DE1_projekt/DE1_projekt.runs/impl_1/runme.log
ERROR: [Common 17-39] 'launch_runs' failed due to earlier errors.
launch_simulation
Command: launch_simulation 
INFO: [Vivado 12-25911] Executing simulation for 'XSim' simulator
INFO: [Vivado 12-28535] Process started - Sun May  3 15:06:07 2026

INFO: [Vivado 12-12493] Simulation top is 'tb_code_compare'
INFO: [Vivado 12-5682] Launching behavioral simulation in 'C:/Users/brano/Documents/de1-projekt/DE1_projekt/DE1_projekt.sim/sim_1/behav/xsim'
INFO: [SIM-utils-51] Simulation object is 'sim_1'
INFO: [SIM-utils-72] Using boost library from 'C:/AMDDesignTools/2025.2/Vivado/tps/boost_1_72_0'
INFO: [SIM-utils-54] Inspecting design source files for 'tb_code_compare' in fileset 'sim_1'...
INFO: [USF-XSim-97] Finding global include files...
INFO: [USF-XSim-98] Fetching design files from 'sim_1'...
INFO: [USF-XSim-2] XSim::Compile design
INFO: [USF-XSim-61] Executing 'COMPILE and ANALYZE' step in 'C:/Users/brano/Documents/de1-projekt/DE1_projekt/DE1_projekt.sim/sim_1/behav/xsim'
"xvhdl --incr --relax -prj tb_code_compare_vhdl.prj"
INFO: [VRFC 10-163] Analyzing VHDL file "C:/Users/brano/Documents/de1-projekt/DE1_projekt/DE1_projekt.srcs/sources_1/imports/sources_1/new/code_compare.vhd" into library xil_defaultlib
INFO: [VRFC 10-3107] analyzing entity 'code_compare'
INFO: [USF-XSim-69] 'compile' step finished in '2' seconds
INFO: [USF-XSim-3] XSim::Elaborate design
INFO: [USF-XSim-61] Executing 'ELABORATE' step in 'C:/Users/brano/Documents/de1-projekt/DE1_projekt/DE1_projekt.sim/sim_1/behav/xsim'
"xelab --incr --debug typical --relax --mt 2 -L xil_defaultlib -L secureip --snapshot tb_code_compare_behav xil_defaultlib.tb_code_compare -log elaborate.log"
Vivado Simulator v2025.2
Copyright 1986-2022 Xilinx, Inc. All Rights Reserved.
Copyright 2022-2025 Advanced Micro Devices, Inc. All Rights Reserved.
Running: C:/AMDDesignTools/2025.2/Vivado/bin/unwrapped/win64.o/xelab.exe --incr --debug typical --relax --mt 2 -L xil_defaultlib -L secureip --snapshot tb_code_compare_behav xil_defaultlib.tb_code_compare -log elaborate.log 
Using 2 slave threads.
Starting static elaboration
Completed static elaboration
Starting simulation data flow analysis
Completed simulation data flow analysis
Time Resolution for simulation is 1ps
Compiling package std.standard
Compiling package std.textio
Compiling package ieee.std_logic_1164
Compiling architecture behavioral of entity xil_defaultlib.code_compare [code_compare_default]
Compiling architecture tb of entity xil_defaultlib.tb_code_compare
Built simulation snapshot tb_code_compare_behav
INFO: [USF-XSim-69] 'elaborate' step finished in '1' seconds
INFO: [USF-XSim-4] XSim::Simulate design
INFO: [USF-XSim-61] Executing 'SIMULATE' step in 'C:/Users/brano/Documents/de1-projekt/DE1_projekt/DE1_projekt.sim/sim_1/behav/xsim'
INFO: [USF-XSim-98] *** Running xsim
   with args "tb_code_compare_behav -key {Behavioral:sim_1:Functional:tb_code_compare} -tclbatch {tb_code_compare.tcl} -log {simulate.log}"
INFO: [USF-XSim-8] Loading simulator feature
Time resolution is 1 ps
source tb_code_compare.tcl
# set curr_wave [current_wave_config]
# if { [string length $curr_wave] == 0 } {
#   if { [llength [get_objects]] > 0} {
#     add_wave /
#     set_property needs_save false [current_wave_config]
#   } else {
#      send_msg_id Add_Wave-1 WARNING "No top level signals found. Simulator will start without a wave window. If you want to open a wave window go to 'File->New Waveform Configuration' or type 'create_wave_config' in the TCL console."
#   }
# }
# run 1000ns
INFO: [USF-XSim-96] XSim completed. Design snapshot 'tb_code_compare_behav' loaded.
INFO: [USF-XSim-97] XSim simulation ran for 1000ns
launch_simulation: Time (s): cpu = 00:00:07 ; elapsed = 00:00:09 . Memory (MB): peak = 2951.703 ; gain = 12.523
close_sim
INFO: [Simtcl 6-16] Simulation closed
WARNING: [filemgmt 56-199] Attempt to get parsing info during refresh. "On-the-fly" syntax checking information may be incorrect. [C:\Users\brano\Documents\de1-projekt\DE1_projekt\DE1_projekt.srcs\sources_1\imports\sources_1\imports\Downloads\clk_en.vhd:]
WARNING: [filemgmt 56-199] Attempt to get parsing info during refresh. "On-the-fly" syntax checking information may be incorrect. [C:\Users\brano\Documents\de1-projekt\DE1_projekt\DE1_projekt.srcs\sources_1\imports\sources_1\new\code_compare.vhd:]
WARNING: [filemgmt 56-199] Attempt to get parsing info during refresh. "On-the-fly" syntax checking information may be incorrect. [C:\Users\brano\Documents\de1-projekt\DE1_projekt\DE1_projekt.srcs\sources_1\imports\sources_1\imports\sources\debounce.vhd:]
WARNING: [filemgmt 56-199] Attempt to get parsing info during refresh. "On-the-fly" syntax checking information may be incorrect. [C:\Users\brano\Documents\de1-projekt\DE1_projekt\DE1_projekt.srcs\sources_1\imports\sources_1\new\top_safe.vhd:]
WARNING: [filemgmt 56-199] Attempt to get parsing info during refresh. "On-the-fly" syntax checking information may be incorrect. [C:\Users\brano\Documents\de1-projekt\DE1_projekt\DE1_projekt.srcs\sources_1\imports\sources_1\imports\sources\bin2seg.vhd:]
WARNING: [filemgmt 56-199] Attempt to get parsing info during refresh. "On-the-fly" syntax checking information may be incorrect. [C:\Users\brano\Documents\de1-projekt\DE1_projekt\DE1_projekt.srcs\sources_1\imports\sources_1\imports\Downloads\digit_register.vhd:]
WARNING: [filemgmt 56-199] Attempt to get parsing info during refresh. "On-the-fly" syntax checking information may be incorrect. [C:\Users\brano\Documents\de1-projekt\DE1_projekt\DE1_projekt.srcs\sources_1\imports\sources_1\new\safe_fsm.vhd:]
WARNING: [filemgmt 56-199] Attempt to get parsing info during refresh. "On-the-fly" syntax checking information may be incorrect. [C:\Users\brano\Documents\de1-projekt\DE1_projekt\DE1_projekt.srcs\sources_1\imports\sources_1\new\display_driver.vhd:]
WARNING: [filemgmt 56-199] Attempt to get parsing info during refresh. "On-the-fly" syntax checking information may be incorrect. [C:\Users\brano\Documents\de1-projekt\DE1_projekt\DE1_projekt.srcs\sources_1\imports\sources_1\new\top_safe.vhd:]
WARNING: [filemgmt 56-199] Attempt to get parsing info during refresh. "On-the-fly" syntax checking information may be incorrect. [C:\Users\brano\Documents\de1-projekt\DE1_projekt\DE1_projekt.srcs\sources_1\imports\sources_1\new\top_safe.vhd:]
WARNING: [filemgmt 56-199] Attempt to get parsing info during refresh. "On-the-fly" syntax checking information may be incorrect. [C:\Users\brano\Documents\de1-projekt\DE1_projekt\DE1_projekt.srcs\sources_1\imports\sources_1\imports\Downloads\clk_en.vhd:]
WARNING: [filemgmt 56-199] Attempt to get parsing info during refresh. "On-the-fly" syntax checking information may be incorrect. [C:\Users\brano\Documents\de1-projekt\DE1_projekt\DE1_projekt.srcs\sources_1\imports\sources_1\new\code_compare.vhd:]
WARNING: [filemgmt 56-199] Attempt to get parsing info during refresh. "On-the-fly" syntax checking information may be incorrect. [C:\Users\brano\Documents\de1-projekt\DE1_projekt\DE1_projekt.srcs\sources_1\imports\sources_1\imports\sources\debounce.vhd:]
WARNING: [filemgmt 56-199] Attempt to get parsing info during refresh. "On-the-fly" syntax checking information may be incorrect. [C:\Users\brano\Documents\de1-projekt\DE1_projekt\DE1_projekt.srcs\sources_1\imports\sources_1\new\top_safe.vhd:]
WARNING: [filemgmt 56-199] Attempt to get parsing info during refresh. "On-the-fly" syntax checking information may be incorrect. [C:\Users\brano\Documents\de1-projekt\DE1_projekt\DE1_projekt.srcs\sources_1\imports\sources_1\imports\sources\bin2seg.vhd:]
WARNING: [filemgmt 56-199] Attempt to get parsing info during refresh. "On-the-fly" syntax checking information may be incorrect. [C:\Users\brano\Documents\de1-projekt\DE1_projekt\DE1_projekt.srcs\sources_1\imports\sources_1\imports\Downloads\digit_register.vhd:]
WARNING: [filemgmt 56-199] Attempt to get parsing info during refresh. "On-the-fly" syntax checking information may be incorrect. [C:\Users\brano\Documents\de1-projekt\DE1_projekt\DE1_projekt.srcs\sources_1\imports\sources_1\new\safe_fsm.vhd:]
WARNING: [filemgmt 56-199] Attempt to get parsing info during refresh. "On-the-fly" syntax checking information may be incorrect. [C:\Users\brano\Documents\de1-projekt\DE1_projekt\DE1_projekt.srcs\sources_1\imports\sources_1\new\display_driver.vhd:]
WARNING: [filemgmt 56-199] Attempt to get parsing info during refresh. "On-the-fly" syntax checking information may be incorrect. [C:\Users\brano\Documents\de1-projekt\DE1_projekt\DE1_projekt.srcs\sources_1\imports\sources_1\new\safe_fsm.vhd:]
WARNING: [filemgmt 56-199] Attempt to get parsing info during refresh. "On-the-fly" syntax checking information may be incorrect. [C:\Users\brano\Documents\de1-projekt\DE1_projekt\DE1_projekt.srcs\sources_1\imports\sources_1\new\safe_fsm.vhd:]
WARNING: [filemgmt 56-199] Attempt to get parsing info during refresh. "On-the-fly" syntax checking information may be incorrect. [C:\Users\brano\Documents\de1-projekt\DE1_projekt\DE1_projekt.srcs\sources_1\imports\sources_1\imports\Downloads\clk_en.vhd:]
WARNING: [filemgmt 56-199] Attempt to get parsing info during refresh. "On-the-fly" syntax checking information may be incorrect. [C:\Users\brano\Documents\de1-projekt\DE1_projekt\DE1_projekt.srcs\sources_1\imports\sources_1\new\code_compare.vhd:]
WARNING: [filemgmt 56-199] Attempt to get parsing info during refresh. "On-the-fly" syntax checking information may be incorrect. [C:\Users\brano\Documents\de1-projekt\DE1_projekt\DE1_projekt.srcs\sources_1\imports\sources_1\imports\sources\debounce.vhd:]
WARNING: [filemgmt 56-199] Attempt to get parsing info during refresh. "On-the-fly" syntax checking information may be incorrect. [C:\Users\brano\Documents\de1-projekt\DE1_projekt\DE1_projekt.srcs\sources_1\imports\sources_1\new\top_safe.vhd:]
WARNING: [filemgmt 56-199] Attempt to get parsing info during refresh. "On-the-fly" syntax checking information may be incorrect. [C:\Users\brano\Documents\de1-projekt\DE1_projekt\DE1_projekt.srcs\sources_1\imports\sources_1\imports\sources\bin2seg.vhd:]
WARNING: [filemgmt 56-199] Attempt to get parsing info during refresh. "On-the-fly" syntax checking information may be incorrect. [C:\Users\brano\Documents\de1-projekt\DE1_projekt\DE1_projekt.srcs\sources_1\imports\sources_1\imports\Downloads\digit_register.vhd:]
WARNING: [filemgmt 56-199] Attempt to get parsing info during refresh. "On-the-fly" syntax checking information may be incorrect. [C:\Users\brano\Documents\de1-projekt\DE1_projekt\DE1_projekt.srcs\sources_1\imports\sources_1\new\safe_fsm.vhd:]
WARNING: [filemgmt 56-199] Attempt to get parsing info during refresh. "On-the-fly" syntax checking information may be incorrect. [C:\Users\brano\Documents\de1-projekt\DE1_projekt\DE1_projekt.srcs\sources_1\imports\sources_1\new\display_driver.vhd:]
WARNING: [filemgmt 56-199] Attempt to get parsing info during refresh. "On-the-fly" syntax checking information may be incorrect. [C:\Users\brano\Documents\de1-projekt\DE1_projekt\DE1_projekt.srcs\sources_1\imports\sources_1\imports\Downloads\digit_register.vhd:]
WARNING: [filemgmt 56-199] Attempt to get parsing info during refresh. "On-the-fly" syntax checking information may be incorrect. [C:\Users\brano\Documents\de1-projekt\DE1_projekt\DE1_projekt.srcs\sources_1\imports\sources_1\imports\Downloads\digit_register.vhd:]
INFO: [Common 17-14] Message 'filemgmt 56-199' appears 100 times and further instances of the messages will be disabled. Use the Tcl command set_msg_config to change the current settings.
ERROR: [Common 17-180] Spawn failed: The operation completed successfully.

